[0m20:09:03.774416 [debug] [MainThread]: Sending event: {'category': 'dbt', 'action': 'invocation', 'label': 'start', 'context': [<snowplow_tracker.self_describing_json.SelfDescribingJson object at 0x10661e8d0>, <snowplow_tracker.self_describing_json.SelfDescribingJson object at 0x105fcb650>, <snowplow_tracker.self_describing_json.SelfDescribingJson object at 0x105fa24d0>]}


============================== 20:09:03.783219 | 2f034b6e-4a7a-48e0-80da-3a1adc1cdc22 ==============================
[0m20:09:03.783219 [info ] [MainThread]: Running with dbt=1.7.6
[0m20:09:03.784249 [debug] [MainThread]: running dbt with arguments {'printer_width': '80', 'indirect_selection': 'eager', 'write_json': 'True', 'log_cache_events': 'False', 'partial_parse': 'True', 'cache_selected_only': 'False', 'warn_error': 'None', 'debug': 'False', 'profiles_dir': '/Users/kielay/.dbt', 'log_path': 'logs', 'fail_fast': 'False', 'version_check': 'True', 'use_colors': 'True', 'use_experimental_parser': 'False', 'no_print': 'None', 'quiet': 'False', 'log_format': 'default', 'introspect': 'True', 'warn_error_options': 'WarnErrorOptions(include=[], exclude=[])', 'static_parser': 'True', 'target_path': 'None', 'invocation_command': 'dbt init northwinds_dbt', 'send_anonymous_usage_stats': 'True'}
[0m20:09:03.785269 [warn ] [MainThread]: [ConfigFolderDirectory]: Unable to parse dict {'dir': PosixPath('/Users/kielay/.dbt')}
[0m20:09:03.785700 [info ] [MainThread]: Creating dbt configuration folder at 
[0m20:09:03.786857 [debug] [MainThread]: Starter project path: /Users/kielay/Developer/learn/jigsaw/dbt/northwinds-setup/codebase/venv/lib/python3.11/site-packages/dbt/include/starter_project
[0m20:09:03.798033 [info ] [MainThread]: 
Your new dbt project "northwinds_dbt" was created!

For more information on how to configure the profiles.yml file,
please consult the dbt documentation here:

  https://docs.getdbt.com/docs/configure-your-profile

One more thing:

Need help? Don't hesitate to reach out to us via GitHub issues or on Slack:

  https://community.getdbt.com/

Happy modeling!

[0m20:09:03.798339 [info ] [MainThread]: Setting up your profile.
[0m20:09:57.873771 [error] [MainThread]: Encountered an error:

[0m20:09:57.880030 [error] [MainThread]: Traceback (most recent call last):
  File "/Users/kielay/Developer/learn/jigsaw/dbt/northwinds-setup/codebase/venv/lib/python3.11/site-packages/dbt/cli/requires.py", line 91, in wrapper
    result, success = func(*args, **kwargs)
                      ^^^^^^^^^^^^^^^^^^^^^
  File "/Users/kielay/Developer/learn/jigsaw/dbt/northwinds-setup/codebase/venv/lib/python3.11/site-packages/dbt/cli/requires.py", line 76, in wrapper
    return func(*args, **kwargs)
           ^^^^^^^^^^^^^^^^^^^^^
  File "/Users/kielay/Developer/learn/jigsaw/dbt/northwinds-setup/codebase/venv/lib/python3.11/site-packages/dbt/cli/main.py", line 515, in init
    results = task.run()
              ^^^^^^^^^^
  File "/Users/kielay/Developer/learn/jigsaw/dbt/northwinds-setup/codebase/venv/lib/python3.11/site-packages/dbt/task/init.py", line 344, in run
    self.setup_profile(profile_name)
  File "/Users/kielay/Developer/learn/jigsaw/dbt/northwinds-setup/codebase/venv/lib/python3.11/site-packages/dbt/task/init.py", line 263, in setup_profile
    adapter = self.ask_for_adapter_choice()
              ^^^^^^^^^^^^^^^^^^^^^^^^^^^^^
  File "/Users/kielay/Developer/learn/jigsaw/dbt/northwinds-setup/codebase/venv/lib/python3.11/site-packages/dbt/task/init.py", line 244, in ask_for_adapter_choice
    numeric_choice = click.prompt(prompt_msg, type=click.INT)
                     ^^^^^^^^^^^^^^^^^^^^^^^^^^^^^^^^^^^^^^^^
  File "/Users/kielay/Developer/learn/jigsaw/dbt/northwinds-setup/codebase/venv/lib/python3.11/site-packages/click/termui.py", line 164, in prompt
    value = prompt_func(prompt)
            ^^^^^^^^^^^^^^^^^^^
  File "/Users/kielay/Developer/learn/jigsaw/dbt/northwinds-setup/codebase/venv/lib/python3.11/site-packages/click/termui.py", line 147, in prompt_func
    raise Abort() from None
click.exceptions.Abort

[0m20:09:58.122282 [debug] [MainThread]: Resource report: {"command_name": "init", "command_wall_clock_time": 54.39977, "process_user_time": 1.307506, "process_kernel_time": 0.324198, "process_mem_max_rss": "118095872", "command_success": false, "process_in_blocks": "0", "process_out_blocks": "0"}
[0m20:09:58.123927 [debug] [MainThread]: Command `dbt init` failed at 20:09:58.123555 after 54.40 seconds
[0m20:09:58.124982 [debug] [MainThread]: Sending event: {'category': 'dbt', 'action': 'invocation', 'label': 'end', 'context': [<snowplow_tracker.self_describing_json.SelfDescribingJson object at 0x1061d8550>, <snowplow_tracker.self_describing_json.SelfDescribingJson object at 0x1016ac690>, <snowplow_tracker.self_describing_json.SelfDescribingJson object at 0x105f02590>]}
[0m20:09:58.126334 [debug] [MainThread]: Flushing usage events
[0m20:30:38.389617 [debug] [MainThread]: Sending event: {'category': 'dbt', 'action': 'invocation', 'label': 'start', 'context': [<snowplow_tracker.self_describing_json.SelfDescribingJson object at 0x10bd55f90>, <snowplow_tracker.self_describing_json.SelfDescribingJson object at 0x10b56ed10>, <snowplow_tracker.self_describing_json.SelfDescribingJson object at 0x10c122790>]}


============================== 20:30:38.392336 | f57a8917-f666-4181-8547-2fd8c389f0c6 ==============================
[0m20:30:38.392336 [info ] [MainThread]: Running with dbt=1.7.6
[0m20:30:38.392647 [debug] [MainThread]: running dbt with arguments {'printer_width': '80', 'indirect_selection': 'eager', 'log_cache_events': 'False', 'write_json': 'True', 'partial_parse': 'True', 'cache_selected_only': 'False', 'profiles_dir': '/Users/kielay/.dbt', 'fail_fast': 'False', 'version_check': 'True', 'log_path': 'logs', 'warn_error': 'None', 'debug': 'False', 'use_colors': 'True', 'use_experimental_parser': 'False', 'no_print': 'None', 'quiet': 'False', 'log_format': 'default', 'static_parser': 'True', 'invocation_command': 'dbt debug', 'warn_error_options': 'WarnErrorOptions(include=[], exclude=[])', 'target_path': 'None', 'introspect': 'True', 'send_anonymous_usage_stats': 'True'}
[0m20:30:38.392993 [info ] [MainThread]: dbt version: 1.7.6
[0m20:30:38.393163 [info ] [MainThread]: python version: 3.11.5
[0m20:30:38.393319 [info ] [MainThread]: python path: /Users/kielay/Developer/learn/jigsaw/dbt/northwinds-setup/codebase/venv/bin/python3
[0m20:30:38.393459 [info ] [MainThread]: os info: macOS-14.2.1-arm64-arm-64bit
[0m20:30:38.441367 [info ] [MainThread]: Using profiles dir at /Users/kielay/.dbt
[0m20:30:38.441662 [info ] [MainThread]: Using profiles.yml file at /Users/kielay/.dbt/profiles.yml
[0m20:30:38.441805 [info ] [MainThread]: Using dbt_project.yml file at /Users/kielay/Developer/learn/jigsaw/dbt/northwinds-setup/codebase/dbt_project.yml
[0m20:30:38.442152 [info ] [MainThread]: adapter type: postgres
[0m20:30:38.442433 [info ] [MainThread]: adapter version: 1.7.6
[0m20:30:38.442618 [info ] [MainThread]: Configuration:
[0m20:30:38.442748 [info ] [MainThread]:   profiles.yml file [[32mOK found and valid[0m]
[0m20:30:38.442868 [info ] [MainThread]:   dbt_project.yml file [[31mERROR not found[0m]
[0m20:30:38.442987 [info ] [MainThread]: Required dependencies:
[0m20:30:38.443159 [debug] [MainThread]: Executing "git --help"
[0m20:30:38.449145 [debug] [MainThread]: STDOUT: "b"usage: git [-v | --version] [-h | --help] [-C <path>] [-c <name>=<value>]\n           [--exec-path[=<path>]] [--html-path] [--man-path] [--info-path]\n           [-p | --paginate | -P | --no-pager] [--no-replace-objects] [--bare]\n           [--git-dir=<path>] [--work-tree=<path>] [--namespace=<name>]\n           [--config-env=<name>=<envvar>] <command> [<args>]\n\nThese are common Git commands used in various situations:\n\nstart a working area (see also: git help tutorial)\n   clone     Clone a repository into a new directory\n   init      Create an empty Git repository or reinitialize an existing one\n\nwork on the current change (see also: git help everyday)\n   add       Add file contents to the index\n   mv        Move or rename a file, a directory, or a symlink\n   restore   Restore working tree files\n   rm        Remove files from the working tree and from the index\n\nexamine the history and state (see also: git help revisions)\n   bisect    Use binary search to find the commit that introduced a bug\n   diff      Show changes between commits, commit and working tree, etc\n   grep      Print lines matching a pattern\n   log       Show commit logs\n   show      Show various types of objects\n   status    Show the working tree status\n\ngrow, mark and tweak your common history\n   branch    List, create, or delete branches\n   commit    Record changes to the repository\n   merge     Join two or more development histories together\n   rebase    Reapply commits on top of another base tip\n   reset     Reset current HEAD to the specified state\n   switch    Switch branches\n   tag       Create, list, delete or verify a tag object signed with GPG\n\ncollaborate (see also: git help workflows)\n   fetch     Download objects and refs from another repository\n   pull      Fetch from and integrate with another repository or a local branch\n   push      Update remote refs along with associated objects\n\n'git help -a' and 'git help -g' list available subcommands and some\nconcept guides. See 'git help <command>' or 'git help <concept>'\nto read about a specific subcommand or concept.\nSee 'git help git' for an overview of the system.\n""
[0m20:30:38.449618 [debug] [MainThread]: STDERR: "b''"
[0m20:30:38.449842 [info ] [MainThread]:  - git [[32mOK found[0m]

[0m20:30:38.449994 [info ] [MainThread]: Connection:
[0m20:30:38.450163 [info ] [MainThread]:   host: localhost
[0m20:30:38.450291 [info ] [MainThread]:   port: 5432
[0m20:30:38.450412 [info ] [MainThread]:   user: kielay
[0m20:30:38.450531 [info ] [MainThread]:   database: northwinds
[0m20:30:38.450670 [info ] [MainThread]:   schema: dev
[0m20:30:38.450888 [info ] [MainThread]:   connect_timeout: 30
[0m20:30:38.451035 [info ] [MainThread]:   role: None
[0m20:30:38.451170 [info ] [MainThread]:   search_path: None
[0m20:30:38.451293 [info ] [MainThread]:   keepalives_idle: 0
[0m20:30:38.451412 [info ] [MainThread]:   sslmode: None
[0m20:30:38.451533 [info ] [MainThread]:   sslcert: None
[0m20:30:38.451651 [info ] [MainThread]:   sslkey: None
[0m20:30:38.451776 [info ] [MainThread]:   sslrootcert: None
[0m20:30:38.451899 [info ] [MainThread]:   application_name: dbt
[0m20:30:38.452016 [info ] [MainThread]:   retries: 1
[0m20:30:38.452275 [info ] [MainThread]: Registered adapter: postgres=1.7.6
[0m20:30:38.455858 [debug] [MainThread]: Acquiring new postgres connection 'debug'
[0m20:30:38.456366 [debug] [MainThread]: Using postgres connection "debug"
[0m20:30:38.456572 [debug] [MainThread]: On debug: select 1 as id
[0m20:30:38.456737 [debug] [MainThread]: Opening a new connection, currently in state init
[0m20:30:38.471286 [debug] [MainThread]: SQL status: SELECT 1 in 0.0 seconds
[0m20:30:38.472120 [debug] [MainThread]: On debug: Close
[0m20:30:38.472319 [info ] [MainThread]:   Connection test: [[32mOK connection ok[0m]

[0m20:30:38.472489 [info ] [MainThread]: [31m1 check failed:[0m
[0m20:30:38.472620 [info ] [MainThread]: Project loading failed for the following reason:
 project path </Users/kielay/Developer/learn/jigsaw/dbt/northwinds-setup/codebase/dbt_project.yml> not found

[0m20:30:38.474219 [debug] [MainThread]: Resource report: {"command_name": "debug", "command_wall_clock_time": 0.11031546, "process_user_time": 0.869859, "process_kernel_time": 0.11889, "process_mem_max_rss": "125255680", "command_success": false, "process_in_blocks": "0", "process_out_blocks": "0"}
[0m20:30:38.474543 [debug] [MainThread]: Command `dbt debug` failed at 20:30:38.474477 after 0.11 seconds
[0m20:30:38.474748 [debug] [MainThread]: Connection 'debug' was properly closed.
[0m20:30:38.474929 [debug] [MainThread]: Sending event: {'category': 'dbt', 'action': 'invocation', 'label': 'end', 'context': [<snowplow_tracker.self_describing_json.SelfDescribingJson object at 0x10b862e90>, <snowplow_tracker.self_describing_json.SelfDescribingJson object at 0x10baff310>, <snowplow_tracker.self_describing_json.SelfDescribingJson object at 0x10bafce10>]}
[0m20:30:38.475158 [debug] [MainThread]: Flushing usage events
[0m20:43:59.825712 [debug] [MainThread]: Sending event: {'category': 'dbt', 'action': 'invocation', 'label': 'start', 'context': [<snowplow_tracker.self_describing_json.SelfDescribingJson object at 0x1050f1110>, <snowplow_tracker.self_describing_json.SelfDescribingJson object at 0x104ea2450>, <snowplow_tracker.self_describing_json.SelfDescribingJson object at 0x104e13fd0>]}


============================== 20:43:59.827950 | 8fdcd4cf-9a2b-42ca-8630-5e006820d1d0 ==============================
[0m20:43:59.827950 [info ] [MainThread]: Running with dbt=1.7.6
[0m20:43:59.828273 [debug] [MainThread]: running dbt with arguments {'printer_width': '80', 'indirect_selection': 'eager', 'write_json': 'True', 'log_cache_events': 'False', 'partial_parse': 'True', 'cache_selected_only': 'False', 'warn_error': 'None', 'version_check': 'True', 'profiles_dir': '/Users/kielay/.dbt', 'log_path': 'logs', 'fail_fast': 'False', 'debug': 'False', 'use_colors': 'True', 'use_experimental_parser': 'False', 'no_print': 'None', 'quiet': 'False', 'warn_error_options': 'WarnErrorOptions(include=[], exclude=[])', 'invocation_command': 'dbt run', 'log_format': 'default', 'static_parser': 'True', 'target_path': 'None', 'introspect': 'True', 'send_anonymous_usage_stats': 'True'}
[0m20:43:59.828611 [error] [MainThread]: Encountered an error:
Runtime Error
  No dbt_project.yml found at expected path /Users/kielay/Developer/learn/jigsaw/dbt/northwinds-setup/codebase/dbt_project.yml
  Verify that each entry within packages.yml (and their transitive dependencies) contains a file named dbt_project.yml
  
[0m20:43:59.829425 [debug] [MainThread]: Resource report: {"command_name": "run", "command_wall_clock_time": 0.02939575, "process_user_time": 0.80975, "process_kernel_time": 0.082885, "process_mem_max_rss": "116867072", "command_success": false, "process_in_blocks": "0", "process_out_blocks": "0"}
[0m20:43:59.829790 [debug] [MainThread]: Command `dbt run` failed at 20:43:59.829709 after 0.03 seconds
[0m20:43:59.829994 [debug] [MainThread]: Sending event: {'category': 'dbt', 'action': 'invocation', 'label': 'end', 'context': [<snowplow_tracker.self_describing_json.SelfDescribingJson object at 0x1055302d0>, <snowplow_tracker.self_describing_json.SelfDescribingJson object at 0x10515e0d0>, <snowplow_tracker.self_describing_json.SelfDescribingJson object at 0x104e10610>]}
[0m20:43:59.830194 [debug] [MainThread]: Flushing usage events
[0m14:33:49.169270 [debug] [MainThread]: Sending event: {'category': 'dbt', 'action': 'invocation', 'label': 'start', 'context': [<snowplow_tracker.self_describing_json.SelfDescribingJson object at 0x114c1f550>, <snowplow_tracker.self_describing_json.SelfDescribingJson object at 0x114502a10>, <snowplow_tracker.self_describing_json.SelfDescribingJson object at 0x114502890>]}


============================== 14:33:49.171374 | 4255fe87-6ab4-40a5-ba12-5b0fb161fbe0 ==============================
[0m14:33:49.171374 [info ] [MainThread]: Running with dbt=1.7.6
[0m14:33:49.171664 [debug] [MainThread]: running dbt with arguments {'printer_width': '80', 'indirect_selection': 'eager', 'write_json': 'True', 'log_cache_events': 'False', 'partial_parse': 'True', 'cache_selected_only': 'False', 'warn_error': 'None', 'version_check': 'True', 'debug': 'False', 'log_path': 'logs', 'fail_fast': 'False', 'profiles_dir': '/Users/kielay/.dbt', 'use_colors': 'True', 'use_experimental_parser': 'False', 'no_print': 'None', 'quiet': 'False', 'log_format': 'default', 'static_parser': 'True', 'warn_error_options': 'WarnErrorOptions(include=[], exclude=[])', 'introspect': 'True', 'target_path': 'None', 'invocation_command': 'dbt debug', 'send_anonymous_usage_stats': 'True'}
[0m14:33:49.171969 [info ] [MainThread]: dbt version: 1.7.6
[0m14:33:49.172147 [info ] [MainThread]: python version: 3.11.5
[0m14:33:49.172303 [info ] [MainThread]: python path: /Users/kielay/Developer/learn/jigsaw/dbt/northwinds-setup/codebase/venv/bin/python3
[0m14:33:49.172455 [info ] [MainThread]: os info: macOS-14.2.1-arm64-arm-64bit
[0m14:33:49.357893 [info ] [MainThread]: Using profiles dir at /Users/kielay/.dbt
[0m14:33:49.358183 [info ] [MainThread]: Using profiles.yml file at /Users/kielay/.dbt/profiles.yml
[0m14:33:49.358347 [info ] [MainThread]: Using dbt_project.yml file at /Users/kielay/Developer/learn/jigsaw/dbt/northwinds-setup/codebase/dbt_project.yml
[0m14:33:49.358644 [info ] [MainThread]: adapter type: postgres
[0m14:33:49.358838 [info ] [MainThread]: adapter version: 1.7.6
[0m14:33:49.359007 [info ] [MainThread]: Configuration:
[0m14:33:49.359151 [info ] [MainThread]:   profiles.yml file [[32mOK found and valid[0m]
[0m14:33:49.359288 [info ] [MainThread]:   dbt_project.yml file [[31mERROR not found[0m]
[0m14:33:49.359425 [info ] [MainThread]: Required dependencies:
[0m14:33:49.359603 [debug] [MainThread]: Executing "git --help"
[0m14:33:49.366007 [debug] [MainThread]: STDOUT: "b"usage: git [-v | --version] [-h | --help] [-C <path>] [-c <name>=<value>]\n           [--exec-path[=<path>]] [--html-path] [--man-path] [--info-path]\n           [-p | --paginate | -P | --no-pager] [--no-replace-objects] [--bare]\n           [--git-dir=<path>] [--work-tree=<path>] [--namespace=<name>]\n           [--config-env=<name>=<envvar>] <command> [<args>]\n\nThese are common Git commands used in various situations:\n\nstart a working area (see also: git help tutorial)\n   clone     Clone a repository into a new directory\n   init      Create an empty Git repository or reinitialize an existing one\n\nwork on the current change (see also: git help everyday)\n   add       Add file contents to the index\n   mv        Move or rename a file, a directory, or a symlink\n   restore   Restore working tree files\n   rm        Remove files from the working tree and from the index\n\nexamine the history and state (see also: git help revisions)\n   bisect    Use binary search to find the commit that introduced a bug\n   diff      Show changes between commits, commit and working tree, etc\n   grep      Print lines matching a pattern\n   log       Show commit logs\n   show      Show various types of objects\n   status    Show the working tree status\n\ngrow, mark and tweak your common history\n   branch    List, create, or delete branches\n   commit    Record changes to the repository\n   merge     Join two or more development histories together\n   rebase    Reapply commits on top of another base tip\n   reset     Reset current HEAD to the specified state\n   switch    Switch branches\n   tag       Create, list, delete or verify a tag object signed with GPG\n\ncollaborate (see also: git help workflows)\n   fetch     Download objects and refs from another repository\n   pull      Fetch from and integrate with another repository or a local branch\n   push      Update remote refs along with associated objects\n\n'git help -a' and 'git help -g' list available subcommands and some\nconcept guides. See 'git help <command>' or 'git help <concept>'\nto read about a specific subcommand or concept.\nSee 'git help git' for an overview of the system.\n""
[0m14:33:49.366483 [debug] [MainThread]: STDERR: "b''"
[0m14:33:49.366724 [info ] [MainThread]:  - git [[32mOK found[0m]

[0m14:33:49.366893 [info ] [MainThread]: Connection:
[0m14:33:49.367073 [info ] [MainThread]:   host: localhost
[0m14:33:49.367202 [info ] [MainThread]:   port: 5432
[0m14:33:49.367332 [info ] [MainThread]:   user: kielay
[0m14:33:49.367456 [info ] [MainThread]:   database: northwinds
[0m14:33:49.367579 [info ] [MainThread]:   schema: dev
[0m14:33:49.367701 [info ] [MainThread]:   connect_timeout: 30
[0m14:33:49.367825 [info ] [MainThread]:   role: None
[0m14:33:49.367951 [info ] [MainThread]:   search_path: None
[0m14:33:49.368072 [info ] [MainThread]:   keepalives_idle: 0
[0m14:33:49.368197 [info ] [MainThread]:   sslmode: None
[0m14:33:49.368318 [info ] [MainThread]:   sslcert: None
[0m14:33:49.368440 [info ] [MainThread]:   sslkey: None
[0m14:33:49.368577 [info ] [MainThread]:   sslrootcert: None
[0m14:33:49.368701 [info ] [MainThread]:   application_name: dbt
[0m14:33:49.368828 [info ] [MainThread]:   retries: 1
[0m14:33:49.369069 [info ] [MainThread]: Registered adapter: postgres=1.7.6
[0m14:33:49.372940 [debug] [MainThread]: Acquiring new postgres connection 'debug'
[0m14:33:49.373416 [debug] [MainThread]: Using postgres connection "debug"
[0m14:33:49.373579 [debug] [MainThread]: On debug: select 1 as id
[0m14:33:49.373723 [debug] [MainThread]: Opening a new connection, currently in state init
[0m14:33:49.391934 [debug] [MainThread]: SQL status: SELECT 1 in 0.0 seconds
[0m14:33:49.392666 [debug] [MainThread]: On debug: Close
[0m14:33:49.392840 [info ] [MainThread]:   Connection test: [[32mOK connection ok[0m]

[0m14:33:49.393001 [info ] [MainThread]: [31m1 check failed:[0m
[0m14:33:49.393136 [info ] [MainThread]: Project loading failed for the following reason:
 project path </Users/kielay/Developer/learn/jigsaw/dbt/northwinds-setup/codebase/dbt_project.yml> not found

[0m14:33:49.400350 [debug] [MainThread]: Resource report: {"command_name": "debug", "command_wall_clock_time": 0.25439516, "process_user_time": 0.758932, "process_kernel_time": 0.125624, "process_mem_max_rss": "121847808", "command_success": false, "process_in_blocks": "0", "process_out_blocks": "0"}
[0m14:33:49.400701 [debug] [MainThread]: Command `dbt debug` failed at 14:33:49.400616 after 0.25 seconds
[0m14:33:49.400922 [debug] [MainThread]: Connection 'debug' was properly closed.
[0m14:33:49.401107 [debug] [MainThread]: Sending event: {'category': 'dbt', 'action': 'invocation', 'label': 'end', 'context': [<snowplow_tracker.self_describing_json.SelfDescribingJson object at 0x105740c10>, <snowplow_tracker.self_describing_json.SelfDescribingJson object at 0x114502d90>, <snowplow_tracker.self_describing_json.SelfDescribingJson object at 0x1159321d0>]}
[0m14:33:49.401445 [debug] [MainThread]: Flushing usage events
